0 info it worked if it ends with ok
1 verbose cli [ '/usr/local/bin/node',
1 verbose cli   '/usr/local/bin/npm',
1 verbose cli   'install',
1 verbose cli   '--save',
1 verbose cli   'sweetalerts' ]
2 info using npm@2.14.7
3 info using node@v4.2.3
4 verbose config Skipping project config: /Users/jeremymiranda/.npmrc. (matches userconfig)
5 verbose install initial load of /Users/jeremymiranda/package.json
6 verbose installManyTop reading scoped package data from /Users/jeremymiranda/node_modules/connect/package.json
7 verbose installManyTop reading scoped package data from /Users/jeremymiranda/node_modules/serve-static/package.json
8 verbose readDependencies loading dependencies from /Users/jeremymiranda/package.json
9 silly cache add args [ 'sweetalerts', null ]
10 verbose cache add spec sweetalerts
11 silly cache add parsed spec Result {
11 silly cache add   raw: 'sweetalerts',
11 silly cache add   scope: null,
11 silly cache add   name: 'sweetalerts',
11 silly cache add   rawSpec: '',
11 silly cache add   spec: '*',
11 silly cache add   type: 'range' }
12 silly addNamed sweetalerts@*
13 verbose addNamed "*" is a valid semver range for sweetalerts
14 silly addNameRange { name: 'sweetalerts', range: '*', hasData: false }
15 silly mapToRegistry name sweetalerts
16 silly mapToRegistry using default registry
17 silly mapToRegistry registry https://registry.npmjs.org/
18 silly mapToRegistry uri https://registry.npmjs.org/sweetalerts
19 verbose addNameRange registry:https://registry.npmjs.org/sweetalerts not in flight; fetching
20 verbose request uri https://registry.npmjs.org/sweetalerts
21 verbose request no auth needed
22 info attempt registry request try #1 at 12:38:35 AM
23 verbose request id b2ce980c0756c37e
24 http request GET https://registry.npmjs.org/sweetalerts
25 http 404 https://registry.npmjs.org/sweetalerts
26 verbose headers { 'content-type': 'application/json',
26 verbose headers   'cache-control': 'max-age=0',
26 verbose headers   'content-length': '2',
26 verbose headers   'accept-ranges': 'bytes',
26 verbose headers   date: 'Sat, 19 Mar 2016 04:38:36 GMT',
26 verbose headers   via: '1.1 varnish',
26 verbose headers   age: '0',
26 verbose headers   connection: 'keep-alive',
26 verbose headers   'x-served-by': 'cache-jfk1049-JFK',
26 verbose headers   'x-cache': 'MISS',
26 verbose headers   'x-cache-hits': '0',
26 verbose headers   'x-timer': 'S1458362316.181881,VS0,VE91' }
27 silly get cb [ 404,
27 silly get   { 'content-type': 'application/json',
27 silly get     'cache-control': 'max-age=0',
27 silly get     'content-length': '2',
27 silly get     'accept-ranges': 'bytes',
27 silly get     date: 'Sat, 19 Mar 2016 04:38:36 GMT',
27 silly get     via: '1.1 varnish',
27 silly get     age: '0',
27 silly get     connection: 'keep-alive',
27 silly get     'x-served-by': 'cache-jfk1049-JFK',
27 silly get     'x-cache': 'MISS',
27 silly get     'x-cache-hits': '0',
27 silly get     'x-timer': 'S1458362316.181881,VS0,VE91' } ]
28 verbose stack Error: Registry returned 404 for GET on https://registry.npmjs.org/sweetalerts
28 verbose stack     at makeError (/usr/local/lib/node_modules/npm/node_modules/npm-registry-client/lib/request.js:264:12)
28 verbose stack     at CachingRegistryClient.<anonymous> (/usr/local/lib/node_modules/npm/node_modules/npm-registry-client/lib/request.js:242:14)
28 verbose stack     at Request._callback (/usr/local/lib/node_modules/npm/node_modules/npm-registry-client/lib/request.js:172:14)
28 verbose stack     at Request.self.callback (/usr/local/lib/node_modules/npm/node_modules/request/request.js:198:22)
28 verbose stack     at emitTwo (events.js:87:13)
28 verbose stack     at Request.emit (events.js:172:7)
28 verbose stack     at Request.<anonymous> (/usr/local/lib/node_modules/npm/node_modules/request/request.js:1063:14)
28 verbose stack     at emitOne (events.js:82:20)
28 verbose stack     at Request.emit (events.js:169:7)
28 verbose stack     at IncomingMessage.<anonymous> (/usr/local/lib/node_modules/npm/node_modules/request/request.js:1009:12)
29 verbose statusCode 404
30 verbose pkgid sweetalerts
31 verbose cwd /Users/jeremymiranda/dev/communitymap
32 error Darwin 15.3.0
33 error argv "/usr/local/bin/node" "/usr/local/bin/npm" "install" "--save" "sweetalerts"
34 error node v4.2.3
35 error npm  v2.14.7
36 error code E404
37 error 404 Registry returned 404 for GET on https://registry.npmjs.org/sweetalerts
37 error 404
37 error 404 'sweetalerts' is not in the npm registry.
37 error 404 You should bug the author to publish it (or use the name yourself!)
37 error 404
37 error 404 Note that you can also install from a
37 error 404 tarball, folder, http url, or git url.
38 verbose exit [ 1, true ]
